2022-10-21 15:25:14,267 - celery.worker.consumer.connection - INFO - Connected to redis://:**@127.0.0.1:6379/2
2022-10-21 15:25:14,274 - celery.worker.consumer.mingle - INFO - mingle: searching for neighbors
2022-10-21 15:25:15,283 - celery.worker.consumer.mingle - INFO - mingle: all alone
2022-10-21 15:25:15,295 - celery.apps.worker - INFO - celery@966903-cg88635.tmweb.ru ready.
2022-10-21 15:25:19,058 - celery.beat - INFO - beat: Starting...
2022-10-21 15:25:19,074 - celery.beat - INFO - Scheduler: Sending due task saver_info (service.tasks.saver_info)
2022-10-21 15:25:19,081 - celery.worker.strategy - INFO - Task service.tasks.saver_info[f46ba308-b7f0-4125-8814-f27901df1284] received
2022-10-21 15:25:19,090 - celery.beat - INFO - Scheduler: Sending due task optimize_ttl_and_perfomance (service.tasks.optimize_ttl_and_perfomance)
2022-10-21 15:25:19,092 - celery.worker.strategy - INFO - Task service.tasks.optimize_ttl_and_perfomance[bbeea1ea-37fc-456f-8627-d083fff0e042] received
2022-10-21 15:25:20,371 - celery.app.trace - INFO - Task service.tasks.saver_info[f46ba308-b7f0-4125-8814-f27901df1284] succeeded in 1.287754683289677s: None
2022-10-21 15:25:20,378 - celery.app.trace - INFO - Task service.tasks.optimize_ttl_and_perfomance[bbeea1ea-37fc-456f-8627-d083fff0e042] succeeded in 0.0019236737862229347s: None
2022-10-21 15:26:00,029 - celery.beat - INFO - Scheduler: Sending due task optimize_ttl_and_perfomance (service.tasks.optimize_ttl_and_perfomance)
2022-10-21 15:26:00,033 - celery.worker.strategy - INFO - Task service.tasks.optimize_ttl_and_perfomance[ebfb1a71-e073-4ccb-a7d1-3a1209d8e898] received
2022-10-21 15:26:00,037 - celery.app.trace - INFO - Task service.tasks.optimize_ttl_and_perfomance[ebfb1a71-e073-4ccb-a7d1-3a1209d8e898] succeeded in 0.002092979848384857s: None
2022-10-21 15:26:00,039 - celery.beat - INFO - Scheduler: Sending due task saver_info (service.tasks.saver_info)
2022-10-21 15:26:00,041 - celery.worker.strategy - INFO - Task service.tasks.saver_info[56ebfe93-f88b-48e6-9466-0b804ec56aba] received
2022-10-21 15:26:00,595 - celery.app.trace - INFO - Task service.tasks.saver_info[56ebfe93-f88b-48e6-9466-0b804ec56aba] succeeded in 0.5528044779784977s: None
2022-10-21 15:27:58,513 - celery.worker.consumer.connection - INFO - Connected to redis://:**@127.0.0.1:6379/2
2022-10-21 15:27:58,516 - celery.worker.consumer.mingle - INFO - mingle: searching for neighbors
2022-10-21 15:27:59,526 - celery.worker.consumer.mingle - INFO - mingle: all alone
2022-10-21 15:27:59,538 - celery.apps.worker - INFO - celery@966903-cg88635.tmweb.ru ready.
2022-10-21 15:28:09,235 - celery.beat - INFO - beat: Starting...
2022-10-21 15:28:09,249 - celery.beat - INFO - Scheduler: Sending due task saver_info (service.tasks.saver_info)
2022-10-21 15:28:09,256 - celery.worker.strategy - INFO - Task service.tasks.saver_info[46ae0b28-9eb4-4d04-9842-db187004411d] received
2022-10-21 15:28:09,264 - celery.beat - INFO - Scheduler: Sending due task optimize_ttl_and_perfomance (service.tasks.optimize_ttl_and_perfomance)
2022-10-21 15:28:09,266 - celery.worker.strategy - INFO - Task service.tasks.optimize_ttl_and_perfomance[3abfe7ea-6558-4b9e-9d25-c56c2d155c70] received
2022-10-21 15:28:10,116 - celery.app.trace - INFO - Task service.tasks.saver_info[46ae0b28-9eb4-4d04-9842-db187004411d] succeeded in 0.8587149800732732s: None
2022-10-21 15:28:10,124 - celery.app.trace - INFO - Task service.tasks.optimize_ttl_and_perfomance[3abfe7ea-6558-4b9e-9d25-c56c2d155c70] succeeded in 0.0017670681700110435s: None
2022-10-21 15:29:00,041 - celery.beat - INFO - Scheduler: Sending due task optimize_ttl_and_perfomance (service.tasks.optimize_ttl_and_perfomance)
2022-10-21 15:29:00,044 - celery.beat - INFO - Scheduler: Sending due task saver_info (service.tasks.saver_info)
2022-10-21 15:29:00,045 - celery.worker.strategy - INFO - Task service.tasks.optimize_ttl_and_perfomance[2f515b6a-6b41-43ac-a57c-82e58c77af63] received
2022-10-21 15:29:00,047 - celery.worker.strategy - INFO - Task service.tasks.saver_info[76759ac5-903a-4a3d-8d0d-31270fba628c] received
2022-10-21 15:29:00,049 - celery.app.trace - INFO - Task service.tasks.optimize_ttl_and_perfomance[2f515b6a-6b41-43ac-a57c-82e58c77af63] succeeded in 0.001547001302242279s: None
2022-10-21 15:29:00,926 - celery.app.trace - INFO - Task service.tasks.saver_info[76759ac5-903a-4a3d-8d0d-31270fba628c] succeeded in 0.8757321070879698s: None
2022-10-21 15:30:00,050 - celery.beat - INFO - Scheduler: Sending due task saver_info (service.tasks.saver_info)
2022-10-21 15:30:00,053 - celery.beat - INFO - Scheduler: Sending due task optimize_ttl_and_perfomance (service.tasks.optimize_ttl_and_perfomance)
2022-10-21 15:30:00,055 - celery.worker.strategy - INFO - Task service.tasks.saver_info[d0959f9d-7d9e-4818-8416-45a8b6a8abaa] received
2022-10-21 15:30:00,058 - celery.worker.strategy - INFO - Task service.tasks.optimize_ttl_and_perfomance[82b68981-b1d8-41a4-ab6b-ad5196de695a] received
2022-10-21 15:30:00,730 - celery.app.trace - INFO - Task service.tasks.saver_info[d0959f9d-7d9e-4818-8416-45a8b6a8abaa] succeeded in 0.6713230777531862s: None
2022-10-21 15:30:00,740 - celery.app.trace - INFO - Task service.tasks.optimize_ttl_and_perfomance[82b68981-b1d8-41a4-ab6b-ad5196de695a] succeeded in 0.0023219208233058453s: None
2022-10-21 15:31:00,050 - celery.beat - INFO - Scheduler: Sending due task saver_info (service.tasks.saver_info)
2022-10-21 15:31:00,053 - celery.beat - INFO - Scheduler: Sending due task optimize_ttl_and_perfomance (service.tasks.optimize_ttl_and_perfomance)
2022-10-21 15:31:00,055 - celery.worker.strategy - INFO - Task service.tasks.saver_info[2cb490ed-a5b7-437d-aa3f-517b63e3fac0] received
2022-10-21 15:31:00,057 - celery.worker.strategy - INFO - Task service.tasks.optimize_ttl_and_perfomance[de75fdae-2d46-4fe4-a5d5-d4e61985ad3e] received
2022-10-21 15:31:00,990 - celery.app.trace - INFO - Task service.tasks.saver_info[2cb490ed-a5b7-437d-aa3f-517b63e3fac0] succeeded in 0.9326745378784835s: None
2022-10-21 15:31:00,997 - celery.app.trace - INFO - Task service.tasks.optimize_ttl_and_perfomance[de75fdae-2d46-4fe4-a5d5-d4e61985ad3e] succeeded in 0.001585039310157299s: None
2022-10-21 15:52:01,018 - celery.worker.consumer.connection - INFO - Connected to redis://:**@127.0.0.1:6379/2
2022-10-21 15:52:01,021 - celery.worker.consumer.mingle - INFO - mingle: searching for neighbors
2022-10-21 15:52:02,032 - celery.worker.consumer.mingle - INFO - mingle: all alone
2022-10-21 15:52:02,051 - celery.apps.worker - INFO - celery@966903-cg88635.tmweb.ru ready.
2022-10-21 15:52:05,283 - celery.beat - INFO - beat: Starting...
2022-10-21 15:52:05,297 - celery.beat - INFO - Scheduler: Sending due task saver_info (service.tasks.saver_info)
2022-10-21 15:52:05,304 - celery.worker.strategy - INFO - Task service.tasks.saver_info[5e60edba-cb59-48fe-91ed-746e4b9d5395] received
2022-10-21 15:52:05,313 - celery.beat - INFO - Scheduler: Sending due task optimize_ttl_and_perfomance (service.tasks.optimize_ttl_and_perfomance)
2022-10-21 15:52:05,315 - celery.worker.strategy - INFO - Task service.tasks.optimize_ttl_and_perfomance[a738213a-20d7-43ef-a8e6-4802c1b07c2c] received
2022-10-21 15:52:06,355 - celery.app.trace - INFO - Task service.tasks.saver_info[5e60edba-cb59-48fe-91ed-746e4b9d5395] succeeded in 1.0489540812559426s: None
2022-10-21 15:52:06,363 - celery.app.trace - INFO - Task service.tasks.optimize_ttl_and_perfomance[a738213a-20d7-43ef-a8e6-4802c1b07c2c] succeeded in 0.0019946880638599396s: None
2022-10-21 15:53:00,045 - celery.beat - INFO - Scheduler: Sending due task optimize_ttl_and_perfomance (service.tasks.optimize_ttl_and_perfomance)
2022-10-21 15:53:00,048 - celery.beat - INFO - Scheduler: Sending due task saver_info (service.tasks.saver_info)
2022-10-21 15:53:00,049 - celery.worker.strategy - INFO - Task service.tasks.optimize_ttl_and_perfomance[08877372-b8b4-4de9-b1bf-49119d32a8d4] received
2022-10-21 15:53:00,051 - celery.worker.strategy - INFO - Task service.tasks.saver_info[401d4331-a40b-4271-a0e8-b21ae0dcce5f] received
2022-10-21 15:53:00,053 - celery.app.trace - INFO - Task service.tasks.optimize_ttl_and_perfomance[08877372-b8b4-4de9-b1bf-49119d32a8d4] succeeded in 0.0016873572021722794s: None
2022-10-21 15:53:00,770 - celery.app.trace - INFO - Task service.tasks.saver_info[401d4331-a40b-4271-a0e8-b21ae0dcce5f] succeeded in 0.7159211859107018s: None
2022-10-21 15:54:00,050 - celery.beat - INFO - Scheduler: Sending due task saver_info (service.tasks.saver_info)
2022-10-21 15:54:00,053 - celery.beat - INFO - Scheduler: Sending due task optimize_ttl_and_perfomance (service.tasks.optimize_ttl_and_perfomance)
2022-10-21 15:54:00,055 - celery.worker.strategy - INFO - Task service.tasks.saver_info[6b4983df-f40a-4e20-a191-d7857a0d917e] received
2022-10-21 15:54:00,056 - celery.worker.strategy - INFO - Task service.tasks.optimize_ttl_and_perfomance[58918ead-c2ff-4cae-a3ab-08924b429410] received
2022-10-21 15:54:00,655 - celery.app.trace - INFO - Task service.tasks.saver_info[6b4983df-f40a-4e20-a191-d7857a0d917e] succeeded in 0.5983248963020742s: None
2022-10-21 15:54:00,662 - celery.app.trace - INFO - Task service.tasks.optimize_ttl_and_perfomance[58918ead-c2ff-4cae-a3ab-08924b429410] succeeded in 0.001628645695745945s: None
2022-10-21 15:55:00,050 - celery.beat - INFO - Scheduler: Sending due task optimize_ttl_and_perfomance (service.tasks.optimize_ttl_and_perfomance)
2022-10-21 15:55:00,053 - celery.beat - INFO - Scheduler: Sending due task saver_info (service.tasks.saver_info)
2022-10-21 15:55:00,055 - celery.worker.strategy - INFO - Task service.tasks.optimize_ttl_and_perfomance[947d05c4-6cc7-4af5-97f6-ac2045f87255] received
2022-10-21 15:55:00,056 - celery.worker.strategy - INFO - Task service.tasks.saver_info[ffabcf54-962a-4fb9-9434-4bd1c351bd13] received
2022-10-21 15:55:00,058 - celery.app.trace - INFO - Task service.tasks.optimize_ttl_and_perfomance[947d05c4-6cc7-4af5-97f6-ac2045f87255] succeeded in 0.0017894390039145947s: None
2022-10-21 15:55:00,679 - celery.app.trace - INFO - Task service.tasks.saver_info[ffabcf54-962a-4fb9-9434-4bd1c351bd13] succeeded in 0.618400186765939s: None
2022-10-21 15:56:00,051 - celery.beat - INFO - Scheduler: Sending due task saver_info (service.tasks.saver_info)
2022-10-21 15:56:00,053 - celery.beat - INFO - Scheduler: Sending due task optimize_ttl_and_perfomance (service.tasks.optimize_ttl_and_perfomance)
